2023-09-21 21:38:45,680:INFO:Captured 50 packets on interface en0.
2023-09-21 21:38:45,875:INFO:Packet analysis complete.
2023-09-21 21:38:45,875:INFO:Skipping empty line
2023-09-21 21:38:45,875:INFO:Skipping empty line
2023-09-21 21:38:45,875:INFO:Skipping empty line
2023-09-21 21:38:45,875:INFO:Skipping empty line
2023-09-21 21:38:45,875:INFO:Skipping empty line
2023-09-21 21:38:45,875:INFO:Skipping empty line
2023-09-21 21:38:45,875:INFO:Skipping empty line
2023-09-21 21:38:45,875:INFO:Skipping empty line
2023-09-21 21:38:45,876:INFO:Skipping empty line
2023-09-21 21:38:45,876:INFO:Skipping empty line
2023-09-21 21:38:45,876:INFO:Skipping empty line
2023-09-21 21:38:45,876:INFO:Skipping empty line
2023-09-21 21:38:45,876:INFO:Skipping empty line
2023-09-21 21:38:45,876:INFO:Skipping empty line
2023-09-21 21:38:45,876:INFO:Skipping empty line
2023-09-21 21:38:45,876:INFO:Skipping empty line
2023-09-21 21:38:45,876:INFO:Skipping empty line
2023-09-21 21:38:45,876:INFO:Skipping empty line
2023-09-21 21:38:45,876:INFO:Skipping empty line
2023-09-21 21:38:45,876:INFO:Skipping empty line
2023-09-21 21:38:45,876:INFO:Skipping empty line
2023-09-21 21:38:45,876:INFO:Skipping empty line
2023-09-21 21:38:45,876:INFO:Skipping empty line
2023-09-21 21:38:45,876:INFO:Skipping empty line
2023-09-21 21:38:45,876:INFO:Skipping empty line
2023-09-21 21:38:45,876:INFO:Skipping empty line
2023-09-21 21:38:45,876:WARNING:Skipping invalid line: 192.168.178.31	192.168.178.255
2023-09-21 21:38:45,876:INFO:Skipping empty line
2023-09-21 21:38:45,876:INFO:Skipping empty line
2023-09-21 21:38:45,876:INFO:Skipping empty line
2023-09-21 21:38:45,876:INFO:Skipping empty line
2023-09-21 21:38:45,876:INFO:Skipping empty line
2023-09-21 21:38:45,876:INFO:Skipping empty line
2023-09-21 21:38:45,876:INFO:Skipping empty line
2023-09-21 21:38:45,876:INFO:Skipping empty line
2023-09-21 21:38:45,876:INFO:Skipping empty line
2023-09-21 21:38:45,876:INFO:Skipping empty line
2023-09-21 21:38:45,876:INFO:Skipping empty line
2023-09-21 21:38:45,876:INFO:Skipping empty line
2023-09-21 21:38:45,876:INFO:Skipping empty line
2023-09-21 21:38:45,876:INFO:Skipping empty line
2023-09-21 21:38:45,876:INFO:Skipping empty line
2023-09-21 21:38:45,876:INFO:Skipping empty line
2023-09-21 21:38:45,876:INFO:Skipping empty line
2023-09-21 21:38:45,876:INFO:Skipping empty line
2023-09-21 21:38:45,876:INFO:Skipping empty line
2023-09-21 21:38:45,876:INFO:Skipping empty line
2023-09-21 21:38:45,876:INFO:Skipping empty line
2023-09-21 21:38:45,876:INFO:Skipping empty line
2023-09-21 21:38:45,876:INFO:Skipping empty line
2023-09-21 21:38:45,876:WARNING:No values to calculate the threshold.
2023-09-21 21:38:45,876:WARNING:No values to calculate the threshold.
2023-09-21 21:38:45,876:WARNING:No values to calculate the threshold.
2023-09-21 21:38:50,597:INFO:Removed temporary pcap file.
2023-09-21 21:47:14,021:INFO:Captured 50 packets on interface en0.
2023-09-21 21:47:14,213:INFO:Packet analysis complete.
2023-09-21 21:47:14,213:INFO:Skipping empty line
2023-09-21 21:47:14,213:INFO:Skipping empty line
2023-09-21 21:47:14,213:INFO:Skipping empty line
2023-09-21 21:47:14,213:INFO:Skipping empty line
2023-09-21 21:47:14,213:INFO:Skipping empty line
2023-09-21 21:47:14,213:INFO:Skipping empty line
2023-09-21 21:47:14,213:INFO:Skipping empty line
2023-09-21 21:47:14,213:INFO:Skipping empty line
2023-09-21 21:47:14,213:INFO:Skipping empty line
2023-09-21 21:47:14,213:INFO:Skipping empty line
2023-09-21 21:47:14,213:INFO:Skipping empty line
2023-09-21 21:47:14,213:INFO:Skipping empty line
2023-09-21 21:47:14,213:INFO:Skipping empty line
2023-09-21 21:47:14,213:INFO:Skipping empty line
2023-09-21 21:47:14,213:INFO:Skipping empty line
2023-09-21 21:47:14,213:INFO:Skipping empty line
2023-09-21 21:47:14,213:INFO:Skipping empty line
2023-09-21 21:47:14,213:INFO:Skipping empty line
2023-09-21 21:47:14,213:INFO:Skipping empty line
2023-09-21 21:47:14,213:INFO:Skipping empty line
2023-09-21 21:47:14,213:INFO:Skipping empty line
2023-09-21 21:47:14,213:INFO:Skipping empty line
2023-09-21 21:47:14,213:INFO:Skipping empty line
2023-09-21 21:47:14,213:INFO:Skipping empty line
2023-09-21 21:47:14,213:INFO:Skipping empty line
2023-09-21 21:47:14,213:INFO:Skipping empty line
2023-09-21 21:47:14,213:INFO:Skipping empty line
2023-09-21 21:47:14,213:INFO:Skipping empty line
2023-09-21 21:47:14,213:INFO:Skipping empty line
2023-09-21 21:47:14,213:INFO:Skipping empty line
2023-09-21 21:47:14,213:INFO:Skipping empty line
2023-09-21 21:47:14,213:INFO:Skipping empty line
2023-09-21 21:47:14,213:INFO:Skipping empty line
2023-09-21 21:47:14,213:INFO:Skipping empty line
2023-09-21 21:47:14,213:INFO:Removed temporary pcap file.
2023-09-21 21:50:38,153:INFO:Captured 50 packets on interface en0.
2023-09-21 21:50:38,349:INFO:Packet analysis complete.
2023-09-21 21:50:38,349:INFO:Skipping empty line
2023-09-21 21:50:38,349:INFO:Skipping empty line
2023-09-21 21:50:38,349:INFO:Skipping empty line
2023-09-21 21:50:38,349:INFO:Skipping empty line
2023-09-21 21:50:38,349:INFO:Skipping empty line
2023-09-21 21:50:38,349:INFO:Skipping empty line
2023-09-21 21:50:38,349:INFO:Skipping empty line
2023-09-21 21:50:38,349:INFO:Skipping empty line
2023-09-21 21:50:38,349:INFO:Skipping empty line
2023-09-21 21:50:38,349:INFO:Skipping empty line
2023-09-21 21:50:38,349:INFO:Skipping empty line
2023-09-21 21:50:38,349:INFO:Skipping empty line
2023-09-21 21:50:38,349:INFO:Skipping empty line
2023-09-21 21:50:38,349:INFO:Skipping empty line
2023-09-21 21:50:38,349:INFO:Skipping empty line
2023-09-21 21:50:38,349:INFO:Skipping empty line
2023-09-21 21:50:38,349:INFO:Skipping empty line
2023-09-21 21:50:38,349:INFO:Skipping empty line
2023-09-21 21:50:38,349:INFO:Skipping empty line
2023-09-21 21:50:38,349:INFO:Skipping empty line
2023-09-21 21:50:38,349:INFO:Skipping empty line
2023-09-21 21:50:38,349:INFO:Skipping empty line
2023-09-21 21:50:38,350:INFO:Skipping empty line
2023-09-21 21:50:38,350:INFO:Skipping empty line
2023-09-21 21:50:38,350:INFO:Skipping empty line
2023-09-21 21:50:38,350:INFO:Skipping empty line
2023-09-21 21:50:38,350:INFO:Skipping empty line
2023-09-21 21:50:38,350:INFO:Skipping empty line
2023-09-21 21:50:38,350:INFO:Skipping empty line
2023-09-21 21:50:38,350:INFO:Skipping empty line
2023-09-21 21:50:38,350:INFO:Skipping empty line
2023-09-21 21:50:38,350:INFO:Skipping empty line
2023-09-21 21:50:38,350:INFO:Skipping empty line
2023-09-21 21:50:38,350:INFO:Skipping empty line
2023-09-21 21:50:38,350:INFO:Skipping empty line
2023-09-21 21:50:38,350:INFO:Skipping empty line
2023-09-21 21:50:38,350:INFO:Skipping empty line
2023-09-21 21:50:38,350:INFO:Skipping empty line
2023-09-21 21:50:38,350:INFO:Skipping empty line
2023-09-21 21:50:38,350:INFO:Skipping empty line
2023-09-21 21:50:38,350:INFO:Skipping empty line
2023-09-21 21:50:38,350:INFO:Skipping empty line
2023-09-21 21:50:38,350:INFO:Skipping empty line
2023-09-21 21:50:38,350:INFO:Skipping empty line
2023-09-21 21:50:38,502:ERROR:Failed to send email: 'SMTP' object has no attribute 'is_secure'
2023-09-21 21:50:38,503:INFO:Potential DDoS attack detected. SYN/ACK ratio: inf.
2023-09-21 21:50:51,358:INFO:Removed temporary pcap file.
2023-09-21 21:54:16,097:INFO:Captured 50 packets on interface en0.
2023-09-21 21:54:16,297:INFO:Packet analysis complete.
2023-09-21 21:54:16,298:INFO:Skipping empty line
2023-09-21 21:54:16,298:INFO:Skipping empty line
2023-09-21 21:54:16,298:INFO:Skipping empty line
2023-09-21 21:54:16,298:INFO:Skipping empty line
2023-09-21 21:54:16,298:INFO:Skipping empty line
2023-09-21 21:54:16,298:INFO:Skipping empty line
2023-09-21 21:54:16,298:INFO:Skipping empty line
2023-09-21 21:54:16,298:INFO:Skipping empty line
2023-09-21 21:54:16,298:INFO:Skipping empty line
2023-09-21 21:54:16,298:INFO:Skipping empty line
2023-09-21 21:54:16,298:INFO:Skipping empty line
2023-09-21 21:54:16,298:INFO:Skipping empty line
2023-09-21 21:54:16,298:INFO:Skipping empty line
2023-09-21 21:54:16,298:INFO:Skipping empty line
2023-09-21 21:54:16,298:INFO:Skipping empty line
2023-09-21 21:54:16,298:INFO:Skipping empty line
2023-09-21 21:54:16,298:INFO:Skipping empty line
2023-09-21 21:54:16,298:INFO:Skipping empty line
2023-09-21 21:54:16,298:INFO:Skipping empty line
2023-09-21 21:54:16,298:INFO:Skipping empty line
2023-09-21 21:54:16,298:INFO:Skipping empty line
2023-09-21 21:54:16,298:INFO:Skipping empty line
2023-09-21 21:54:16,298:INFO:Skipping empty line
2023-09-21 21:54:16,298:INFO:Skipping empty line
2023-09-21 21:54:16,298:INFO:Skipping empty line
2023-09-21 21:54:16,298:INFO:Skipping empty line
2023-09-21 21:54:16,298:INFO:Skipping empty line
2023-09-21 21:54:16,298:INFO:Skipping empty line
2023-09-21 21:54:16,298:INFO:Skipping empty line
2023-09-21 21:54:16,298:INFO:Skipping empty line
2023-09-21 21:54:16,298:INFO:Skipping empty line
2023-09-21 21:54:16,298:INFO:Skipping empty line
2023-09-21 21:54:16,298:INFO:Skipping empty line
2023-09-21 21:54:16,298:INFO:Skipping empty line
2023-09-21 21:54:16,298:INFO:Skipping empty line
2023-09-21 21:54:16,298:INFO:Skipping empty line
2023-09-21 21:54:16,298:INFO:Skipping empty line
2023-09-21 21:54:16,447:ERROR:Failed to send email: 'SMTP' object has no attribute 'is_secure'
2023-09-21 21:54:16,448:INFO:Potential DDoS attack detected. SYN/ACK ratio: inf.
2023-09-21 21:54:26,784:INFO:Removed temporary analysis text file.
2023-09-21 21:54:26,785:INFO:Removed temporary pcap file.
2023-09-21 21:56:04,973:ERROR:Failed to send email: 'SMTP' object has no attribute 'is_secure'
2023-09-21 21:56:14,443:INFO:Captured 50 packets on interface en0.
2023-09-21 21:56:14,638:INFO:Packet analysis complete.
2023-09-21 21:56:14,638:INFO:Skipping empty line
2023-09-21 21:56:14,638:INFO:Skipping empty line
2023-09-21 21:56:14,638:INFO:Skipping empty line
2023-09-21 21:56:14,638:INFO:Skipping empty line
2023-09-21 21:56:14,638:INFO:Skipping empty line
2023-09-21 21:56:14,638:INFO:Skipping empty line
2023-09-21 21:56:14,638:INFO:Skipping empty line
2023-09-21 21:56:14,638:INFO:Skipping empty line
2023-09-21 21:56:14,638:INFO:Skipping empty line
2023-09-21 21:56:14,638:INFO:Skipping empty line
2023-09-21 21:56:14,638:INFO:Skipping empty line
2023-09-21 21:56:14,638:INFO:Skipping empty line
2023-09-21 21:56:14,638:INFO:Skipping empty line
2023-09-21 21:56:14,638:INFO:Skipping empty line
2023-09-21 21:56:14,638:INFO:Skipping empty line
2023-09-21 21:56:14,774:ERROR:Failed to send email: 'SMTP' object has no attribute 'is_secure'
2023-09-21 21:56:14,774:INFO:Suspicious Destination IP 239.255.255.250 has been detected 18 times.
2023-09-21 21:56:14,905:ERROR:Failed to send email: 'SMTP' object has no attribute 'is_secure'
2023-09-21 21:56:14,905:INFO:Potential DDoS attack detected. SYN/ACK ratio: inf.
2023-09-21 21:56:23,803:INFO:Removed temporary analysis text file.
2023-09-21 21:56:23,805:INFO:Removed temporary pcap file.
2023-09-21 22:02:46,336:INFO:Captured 50 packets on interface en0.
2023-09-21 22:02:46,528:INFO:Packet analysis complete.
2023-09-21 22:02:46,528:INFO:Skipping empty line
2023-09-21 22:02:46,528:INFO:Skipping empty line
2023-09-21 22:02:46,528:INFO:Skipping empty line
2023-09-21 22:02:46,528:INFO:Skipping empty line
2023-09-21 22:02:46,528:INFO:Skipping empty line
2023-09-21 22:02:46,528:INFO:Skipping empty line
2023-09-21 22:02:46,528:INFO:Skipping empty line
2023-09-21 22:02:46,528:INFO:Skipping empty line
2023-09-21 22:02:46,528:INFO:Skipping empty line
2023-09-21 22:02:46,528:INFO:Skipping empty line
2023-09-21 22:02:46,528:INFO:Skipping empty line
2023-09-21 22:02:46,528:INFO:Skipping empty line
2023-09-21 22:02:46,528:INFO:Skipping empty line
2023-09-21 22:02:46,528:INFO:Skipping empty line
2023-09-21 22:02:46,528:INFO:Skipping empty line
2023-09-21 22:02:46,528:INFO:Skipping empty line
2023-09-21 22:02:46,528:INFO:Skipping empty line
2023-09-21 22:02:46,528:INFO:Skipping empty line
2023-09-21 22:02:46,528:INFO:Skipping empty line
2023-09-21 22:02:46,528:INFO:Skipping empty line
2023-09-21 22:02:46,528:INFO:Skipping empty line
2023-09-21 22:02:46,528:INFO:Skipping empty line
2023-09-21 22:02:46,528:INFO:Skipping empty line
2023-09-21 22:02:46,528:INFO:Skipping empty line
2023-09-21 22:02:46,528:INFO:Skipping empty line
2023-09-21 22:02:46,528:INFO:Skipping empty line
2023-09-21 22:02:46,528:INFO:Skipping empty line
2023-09-21 22:02:46,528:INFO:Skipping empty line
2023-09-21 22:02:46,528:INFO:Skipping empty line
2023-09-21 22:02:46,528:INFO:Skipping empty line
2023-09-21 22:02:46,528:INFO:Skipping empty line
2023-09-21 22:02:46,528:INFO:Skipping empty line
2023-09-21 22:02:46,528:INFO:Skipping empty line
2023-09-21 22:02:46,528:INFO:Skipping empty line
2023-09-21 22:02:46,528:INFO:Skipping empty line
2023-09-21 22:02:46,528:INFO:Skipping empty line
2023-09-21 22:02:46,528:INFO:Skipping empty line
2023-09-21 22:02:46,528:INFO:Skipping empty line
2023-09-21 22:02:46,528:INFO:Skipping empty line
2023-09-21 22:02:46,528:INFO:Skipping empty line
2023-09-21 22:02:46,528:INFO:Skipping empty line
2023-09-21 22:02:46,528:INFO:Skipping empty line
2023-09-21 22:02:46,528:INFO:Skipping empty line
2023-09-21 22:02:46,676:ERROR:Failed to send email: 'SMTP' object has no attribute 'is_secure'
2023-09-21 22:02:46,676:INFO:Suspicious Source IP 192.168.178.32 has been detected 2 times.
2023-09-21 22:02:46,809:ERROR:Failed to send email: 'SMTP' object has no attribute 'is_secure'
2023-09-21 22:02:46,809:INFO:Suspicious Source IP 17.57.146.133 has been detected 1 times.
2023-09-21 22:02:46,938:ERROR:Failed to send email: 'SMTP' object has no attribute 'is_secure'
2023-09-21 22:02:46,938:INFO:Suspicious Source IP 192.168.178.20 has been detected 2 times.
2023-09-21 22:02:47,058:ERROR:Failed to send email: 'SMTP' object has no attribute 'is_secure'
2023-09-21 22:02:47,058:INFO:Suspicious Source IP 192.168.178.31 has been detected 1 times.
2023-09-21 22:02:47,196:ERROR:Failed to send email: 'SMTP' object has no attribute 'is_secure'
2023-09-21 22:02:47,196:INFO:Suspicious Source IP 192.168.178.1 has been detected 1 times.
2023-09-21 22:02:47,335:ERROR:Failed to send email: 'SMTP' object has no attribute 'is_secure'
2023-09-21 22:02:47,335:INFO:Suspicious Destination IP 17.57.146.133 has been detected 2 times.
2023-09-21 22:02:47,470:ERROR:Failed to send email: 'SMTP' object has no attribute 'is_secure'
2023-09-21 22:02:47,470:INFO:Suspicious Destination IP 192.168.178.32 has been detected 1 times.
2023-09-21 22:02:47,603:ERROR:Failed to send email: 'SMTP' object has no attribute 'is_secure'
2023-09-21 22:02:47,604:INFO:Suspicious Destination IP 192.168.178.255 has been detected 3 times.
2023-09-21 22:02:47,735:ERROR:Failed to send email: 'SMTP' object has no attribute 'is_secure'
2023-09-21 22:02:47,736:INFO:Suspicious Destination IP 224.0.0.1 has been detected 1 times.
2023-09-21 22:02:58,237:INFO:Removed temporary analysis text file.
2023-09-21 22:02:58,237:INFO:Removed temporary pcap file.
2023-09-21 22:04:30,399:INFO:Captured 50 packets on interface en0.
2023-09-21 22:04:30,603:INFO:Packet analysis complete.
2023-09-21 22:04:30,603:INFO:Skipping empty line
2023-09-21 22:04:30,603:INFO:Skipping empty line
2023-09-21 22:04:30,603:INFO:Skipping empty line
2023-09-21 22:04:30,603:INFO:Skipping empty line
2023-09-21 22:04:30,603:INFO:Skipping empty line
2023-09-21 22:04:30,603:INFO:Skipping empty line
2023-09-21 22:04:30,603:INFO:Skipping empty line
2023-09-21 22:04:30,603:INFO:Skipping empty line
2023-09-21 22:04:30,603:INFO:Skipping empty line
2023-09-21 22:04:30,603:INFO:Skipping empty line
2023-09-21 22:04:30,603:INFO:Skipping empty line
2023-09-21 22:04:30,603:INFO:Skipping empty line
2023-09-21 22:04:30,603:INFO:Skipping empty line
2023-09-21 22:04:30,603:INFO:Skipping empty line
2023-09-21 22:04:30,603:INFO:Skipping empty line
2023-09-21 22:04:30,603:INFO:Skipping empty line
2023-09-21 22:04:30,603:INFO:Skipping empty line
2023-09-21 22:04:30,603:INFO:Skipping empty line
2023-09-21 22:04:30,604:INFO:Skipping empty line
2023-09-21 22:04:30,604:INFO:Skipping empty line
2023-09-21 22:04:30,604:INFO:Skipping empty line
2023-09-21 22:04:30,604:INFO:Skipping empty line
2023-09-21 22:04:30,604:INFO:Skipping empty line
2023-09-21 22:04:30,604:INFO:Skipping empty line
2023-09-21 22:04:30,604:INFO:Skipping empty line
2023-09-21 22:04:30,604:INFO:Skipping empty line
2023-09-21 22:04:30,604:INFO:Skipping empty line
2023-09-21 22:04:30,604:INFO:Skipping empty line
2023-09-21 22:04:30,604:INFO:Skipping empty line
2023-09-21 22:04:30,604:INFO:Skipping empty line
2023-09-21 22:04:30,604:INFO:Skipping empty line
2023-09-21 22:04:30,758:ERROR:Failed to send email: 'SMTP' object has no attribute 'is_secure'
2023-09-21 22:04:30,758:INFO:Suspicious Source IP 192.168.178.30 has been detected 15 times.
2023-09-21 22:04:30,883:ERROR:Failed to send email: 'SMTP' object has no attribute 'is_secure'
2023-09-21 22:04:30,884:INFO:Suspicious Source IP 192.168.178.32 has been detected 2 times.
2023-09-21 22:04:31,022:ERROR:Failed to send email: 'SMTP' object has no attribute 'is_secure'
2023-09-21 22:04:31,023:INFO:Suspicious Source IP 192.168.178.31 has been detected 2 times.
2023-09-21 22:04:31,153:ERROR:Failed to send email: 'SMTP' object has no attribute 'is_secure'
2023-09-21 22:04:31,154:INFO:Suspicious Destination IP 224.0.0.251 has been detected 17 times.
2023-09-21 22:04:31,283:ERROR:Failed to send email: 'SMTP' object has no attribute 'is_secure'
2023-09-21 22:04:31,284:INFO:Suspicious Destination IP 192.168.178.30 has been detected 1 times.
2023-09-21 22:04:31,427:ERROR:Failed to send email: 'SMTP' object has no attribute 'is_secure'
2023-09-21 22:04:31,427:INFO:Suspicious Destination IP 192.168.178.255 has been detected 1 times.
2023-09-21 22:04:31,549:ERROR:Failed to send email: 'SMTP' object has no attribute 'is_secure'
2023-09-21 22:04:31,550:INFO:Potential DDoS attack detected. SYN/ACK ratio: inf.
2023-09-21 22:04:35,088:INFO:Removed temporary analysis text file.
2023-09-21 22:04:35,089:INFO:Removed temporary pcap file.
2023-09-21 22:05:10,392:INFO:Captured 50 packets on interface en0.
2023-09-21 22:05:10,587:INFO:Packet analysis complete.
2023-09-21 22:05:10,587:INFO:Skipping empty line
2023-09-21 22:05:10,587:INFO:Skipping empty line
2023-09-21 22:05:10,587:INFO:Skipping empty line
2023-09-21 22:05:10,588:INFO:Skipping empty line
2023-09-21 22:05:10,588:INFO:Skipping empty line
2023-09-21 22:05:10,588:INFO:Skipping empty line
2023-09-21 22:05:10,588:INFO:Skipping empty line
2023-09-21 22:05:10,588:INFO:Skipping empty line
2023-09-21 22:05:10,588:INFO:Skipping empty line
2023-09-21 22:05:10,588:INFO:Skipping empty line
2023-09-21 22:05:10,588:INFO:Skipping empty line
2023-09-21 22:05:10,588:INFO:Skipping empty line
2023-09-21 22:05:10,588:INFO:Skipping empty line
2023-09-21 22:05:10,588:INFO:Skipping empty line
2023-09-21 22:05:10,588:INFO:Skipping empty line
2023-09-21 22:05:10,588:INFO:Skipping empty line
2023-09-21 22:05:10,588:INFO:Skipping empty line
2023-09-21 22:05:10,588:INFO:Skipping empty line
2023-09-21 22:05:10,588:INFO:Skipping empty line
2023-09-21 22:05:10,588:INFO:Skipping empty line
2023-09-21 22:05:10,588:INFO:Skipping empty line
2023-09-21 22:05:10,588:INFO:Skipping empty line
2023-09-21 22:05:10,588:INFO:Skipping empty line
2023-09-21 22:05:10,588:INFO:Skipping empty line
2023-09-21 22:05:10,588:INFO:Skipping empty line
2023-09-21 22:05:10,588:INFO:Skipping empty line
2023-09-21 22:05:10,588:INFO:Skipping empty line
2023-09-21 22:05:10,588:INFO:Skipping empty line
2023-09-21 22:05:10,588:INFO:Skipping empty line
2023-09-21 22:05:10,588:INFO:Skipping empty line
2023-09-21 22:05:10,740:ERROR:Failed to send email: 'SMTP' object has no attribute 'is_secure'
2023-09-21 22:05:10,740:INFO:Suspicious Source IP 192.168.178.20 has been detected 2 times.
2023-09-21 22:05:10,873:ERROR:Failed to send email: 'SMTP' object has no attribute 'is_secure'
2023-09-21 22:05:10,873:INFO:Suspicious Source IP 192.168.178.30 has been detected 13 times.
2023-09-21 22:05:11,007:ERROR:Failed to send email: 'SMTP' object has no attribute 'is_secure'
2023-09-21 22:05:11,007:INFO:Suspicious Source IP 192.168.178.32 has been detected 3 times.
2023-09-21 22:05:11,141:ERROR:Failed to send email: 'SMTP' object has no attribute 'is_secure'
2023-09-21 22:05:11,141:INFO:Suspicious Source IP 192.168.178.31 has been detected 2 times.
2023-09-21 22:05:11,283:ERROR:Failed to send email: 'SMTP' object has no attribute 'is_secure'
2023-09-21 22:05:11,283:INFO:Suspicious Destination IP 192.168.178.255 has been detected 2 times.
2023-09-21 22:05:11,411:ERROR:Failed to send email: 'SMTP' object has no attribute 'is_secure'
2023-09-21 22:05:11,411:INFO:Suspicious Destination IP 224.0.0.251 has been detected 17 times.
2023-09-21 22:05:11,537:ERROR:Failed to send email: 'SMTP' object has no attribute 'is_secure'
2023-09-21 22:05:11,537:INFO:Suspicious Destination IP 224.0.0.22 has been detected 1 times.
2023-09-21 22:05:11,673:ERROR:Failed to send email: 'SMTP' object has no attribute 'is_secure'
2023-09-21 22:05:11,674:INFO:Potential DDoS attack detected. SYN/ACK ratio: inf.
2023-09-21 22:05:24,866:ERROR:Failed to send email: 'SMTP' object has no attribute 'is_secure'
2023-09-21 22:05:24,867:INFO:Removed temporary analysis text file.
2023-09-21 22:05:24,867:INFO:Removed temporary pcap file.
2023-09-21 22:08:32,441:INFO:Captured 50 packets on interface en0.
2023-09-21 22:08:32,637:INFO:Packet analysis complete.
2023-09-21 22:08:32,637:INFO:Skipping empty line
2023-09-21 22:08:32,637:INFO:Skipping empty line
2023-09-21 22:08:32,637:INFO:Skipping empty line
2023-09-21 22:08:32,637:INFO:Skipping empty line
2023-09-21 22:08:32,637:INFO:Skipping empty line
2023-09-21 22:08:32,637:INFO:Skipping empty line
2023-09-21 22:08:32,637:INFO:Skipping empty line
2023-09-21 22:08:32,637:INFO:Skipping empty line
2023-09-21 22:08:32,637:INFO:Skipping empty line
2023-09-21 22:08:32,637:INFO:Skipping empty line
2023-09-21 22:08:32,637:INFO:Skipping empty line
2023-09-21 22:08:32,637:INFO:Skipping empty line
2023-09-21 22:08:32,637:INFO:Skipping empty line
2023-09-21 22:08:32,637:INFO:Skipping empty line
2023-09-21 22:08:32,637:INFO:Skipping empty line
2023-09-21 22:08:32,637:INFO:Skipping empty line
2023-09-21 22:08:32,637:INFO:Skipping empty line
2023-09-21 22:08:32,637:INFO:Skipping empty line
2023-09-21 22:08:32,637:INFO:Skipping empty line
2023-09-21 22:08:32,637:INFO:Skipping empty line
2023-09-21 22:08:32,637:INFO:Skipping empty line
2023-09-21 22:08:32,637:INFO:Skipping empty line
2023-09-21 22:08:32,637:INFO:Skipping empty line
2023-09-21 22:08:32,637:INFO:Skipping empty line
2023-09-21 22:08:32,637:INFO:Skipping empty line
2023-09-21 22:08:32,637:INFO:Skipping empty line
2023-09-21 22:08:32,638:INFO:Skipping empty line
2023-09-21 22:08:32,638:INFO:Skipping empty line
2023-09-21 22:08:32,638:INFO:Skipping empty line
2023-09-21 22:08:32,638:INFO:Skipping empty line
2023-09-21 22:08:32,638:INFO:Skipping empty line
2023-09-21 22:08:32,638:INFO:Skipping empty line
2023-09-21 22:08:32,638:INFO:Skipping empty line
2023-09-21 22:08:34,335:INFO:Suspicious Source IP 192.168.178.20 has been detected 16 times.
2023-09-21 22:08:35,654:INFO:Suspicious Source IP 192.168.178.31 has been detected 1 times.
2023-09-21 22:08:36,937:INFO:Suspicious Destination IP 239.255.255.250 has been detected 16 times.
2023-09-21 22:08:38,306:INFO:Suspicious Destination IP 192.168.178.255 has been detected 1 times.
2023-09-21 22:08:39,743:INFO:Potential DDoS attack detected. SYN/ACK ratio: inf.
2023-09-21 22:08:51,007:INFO:Removed temporary analysis text file.
2023-09-21 22:08:51,008:INFO:Removed temporary pcap file.
2023-09-21 22:12:48,808:INFO:Captured 50 packets on interface en0.
2023-09-21 22:12:49,015:INFO:Packet analysis complete.
2023-09-21 22:12:49,016:INFO:Skipping empty line
2023-09-21 22:12:49,016:INFO:Skipping empty line
2023-09-21 22:12:49,016:INFO:Skipping empty line
2023-09-21 22:12:49,016:INFO:Skipping empty line
2023-09-21 22:12:49,016:INFO:Skipping empty line
2023-09-21 22:12:49,016:INFO:Skipping empty line
2023-09-21 22:12:49,016:INFO:Skipping empty line
2023-09-21 22:12:49,016:INFO:Skipping empty line
2023-09-21 22:12:49,016:INFO:Skipping empty line
2023-09-21 22:12:49,016:INFO:Skipping empty line
2023-09-21 22:12:49,016:INFO:Skipping empty line
2023-09-21 22:12:49,016:INFO:Skipping empty line
2023-09-21 22:12:49,016:INFO:Skipping empty line
2023-09-21 22:12:49,016:INFO:Skipping empty line
2023-09-21 22:12:49,016:INFO:Skipping empty line
2023-09-21 22:12:49,016:INFO:Skipping empty line
2023-09-21 22:12:49,016:INFO:Skipping empty line
2023-09-21 22:12:49,016:INFO:Skipping empty line
2023-09-21 22:12:49,016:INFO:Skipping empty line
2023-09-21 22:12:49,016:INFO:Skipping empty line
2023-09-21 22:12:49,016:INFO:Skipping empty line
2023-09-21 22:12:49,016:INFO:Skipping empty line
2023-09-21 22:12:49,016:INFO:Skipping empty line
2023-09-21 22:12:49,016:INFO:Skipping empty line
2023-09-21 22:12:49,016:INFO:Skipping empty line
2023-09-21 22:12:49,016:INFO:Skipping empty line
2023-09-21 22:12:49,016:INFO:Skipping empty line
2023-09-21 22:12:49,016:INFO:Skipping empty line
2023-09-21 22:12:49,016:INFO:Skipping empty line
2023-09-21 22:12:49,016:INFO:Skipping empty line
2023-09-21 22:12:49,016:INFO:Skipping empty line
2023-09-21 22:12:49,016:INFO:Skipping empty line
2023-09-21 22:12:49,016:INFO:Skipping empty line
2023-09-21 22:12:49,016:INFO:Skipping empty line
2023-09-21 22:12:49,016:INFO:Skipping empty line
2023-09-21 22:12:49,017:INFO:Removed temporary analysis text file.
2023-09-21 22:12:49,017:INFO:Removed temporary pcap file.
2023-09-21 22:14:32,913:INFO:Captured 50 packets on interface en0.
2023-09-21 22:14:33,109:INFO:Packet analysis complete.
2023-09-21 22:14:33,109:INFO:Skipping empty line
2023-09-21 22:14:33,109:INFO:Skipping empty line
2023-09-21 22:14:33,109:INFO:Skipping empty line
2023-09-21 22:14:33,109:INFO:Skipping empty line
2023-09-21 22:14:33,109:INFO:Skipping empty line
2023-09-21 22:14:33,109:INFO:Skipping empty line
2023-09-21 22:14:33,109:INFO:Skipping empty line
2023-09-21 22:14:33,109:INFO:Skipping empty line
2023-09-21 22:14:33,109:INFO:Skipping empty line
2023-09-21 22:14:33,109:INFO:Skipping empty line
2023-09-21 22:14:33,109:INFO:Skipping empty line
2023-09-21 22:14:33,109:INFO:Skipping empty line
2023-09-21 22:14:33,109:INFO:Skipping empty line
2023-09-21 22:14:33,109:INFO:Skipping empty line
2023-09-21 22:14:33,109:INFO:Skipping empty line
2023-09-21 22:14:33,109:INFO:Skipping empty line
2023-09-21 22:14:33,109:INFO:Skipping empty line
2023-09-21 22:14:33,109:INFO:Skipping empty line
2023-09-21 22:14:33,109:INFO:Skipping empty line
2023-09-21 22:14:33,109:INFO:Skipping empty line
2023-09-21 22:14:33,109:INFO:Skipping empty line
2023-09-21 22:14:33,109:INFO:Skipping empty line
2023-09-21 22:14:33,109:INFO:Skipping empty line
2023-09-21 22:14:33,109:INFO:Skipping empty line
2023-09-21 22:14:33,109:INFO:Skipping empty line
2023-09-21 22:14:33,109:INFO:Skipping empty line
2023-09-21 22:14:33,109:INFO:Skipping empty line
2023-09-21 22:14:33,109:INFO:Skipping empty line
2023-09-21 22:14:33,109:INFO:Skipping empty line
2023-09-21 22:14:33,110:INFO:Skipping empty line
2023-09-21 22:14:33,110:INFO:Skipping empty line
2023-09-21 22:14:33,110:INFO:Skipping empty line
2023-09-21 22:14:33,110:INFO:Skipping empty line
2023-09-21 22:14:33,110:INFO:Skipping empty line
2023-09-21 22:14:33,110:INFO:Skipping empty line
2023-09-21 22:14:33,110:INFO:Skipping empty line
2023-09-21 22:14:33,110:INFO:Skipping empty line
2023-09-21 22:14:33,110:INFO:Skipping empty line
2023-09-21 22:14:33,110:INFO:Skipping empty line
2023-09-21 22:14:33,110:INFO:Skipping empty line
2023-09-21 22:14:33,110:INFO:Skipping empty line
2023-09-21 22:14:33,110:INFO:Skipping empty line
2023-09-21 22:14:33,110:INFO:Skipping empty line
2023-09-21 22:14:33,110:INFO:Skipping empty line
2023-09-21 22:14:33,110:INFO:Skipping empty line
2023-09-21 22:14:33,110:INFO:Skipping empty line
2023-09-21 22:14:33,110:INFO:Skipping empty line
2023-09-21 22:14:34,562:INFO:Potential DDoS attack detected. SYN/ACK ratio: inf.
2023-09-21 22:14:50,009:INFO:Removed temporary analysis text file.
2023-09-21 22:14:50,010:INFO:Removed temporary pcap file.
2023-09-21 22:15:32,489:INFO:Captured 50 packets on interface en0.
2023-09-21 22:15:32,679:INFO:Packet analysis complete.
2023-09-21 22:15:32,679:INFO:Skipping empty line
2023-09-21 22:15:32,679:INFO:Skipping empty line
2023-09-21 22:15:32,679:INFO:Skipping empty line
2023-09-21 22:15:32,679:INFO:Skipping empty line
2023-09-21 22:15:32,679:INFO:Skipping empty line
2023-09-21 22:15:32,679:INFO:Skipping empty line
2023-09-21 22:15:32,679:INFO:Skipping empty line
2023-09-21 22:15:32,680:INFO:Skipping empty line
2023-09-21 22:15:32,680:INFO:Skipping empty line
2023-09-21 22:15:32,680:INFO:Skipping empty line
2023-09-21 22:15:32,680:INFO:Skipping empty line
2023-09-21 22:15:32,680:INFO:Skipping empty line
2023-09-21 22:15:32,680:INFO:Skipping empty line
2023-09-21 22:15:32,680:INFO:Skipping empty line
2023-09-21 22:15:32,680:INFO:Skipping empty line
2023-09-21 22:15:32,680:INFO:Skipping empty line
2023-09-21 22:15:32,680:INFO:Skipping empty line
2023-09-21 22:15:32,680:INFO:Skipping empty line
2023-09-21 22:15:32,680:INFO:Skipping empty line
2023-09-21 22:15:32,680:INFO:Skipping empty line
2023-09-21 22:15:32,680:INFO:Skipping empty line
2023-09-21 22:15:32,680:INFO:Skipping empty line
2023-09-21 22:15:32,680:INFO:Skipping empty line
2023-09-21 22:15:32,680:INFO:Skipping empty line
2023-09-21 22:15:32,680:INFO:Skipping empty line
2023-09-21 22:15:32,680:INFO:Skipping empty line
2023-09-21 22:15:32,680:INFO:Skipping empty line
2023-09-21 22:15:32,680:INFO:Skipping empty line
2023-09-21 22:15:32,680:INFO:Skipping empty line
2023-09-21 22:15:32,680:INFO:Skipping empty line
2023-09-21 22:15:32,680:INFO:Skipping empty line
2023-09-21 22:15:32,680:INFO:Skipping empty line
2023-09-21 22:15:34,208:INFO:Suspicious Source IP 192.168.178.30 has been detected 11 times.
2023-09-21 22:15:35,616:INFO:Suspicious Destination IP 224.0.0.251 has been detected 15 times.
2023-09-21 22:15:37,131:INFO:Potential DDoS attack detected. SYN/ACK ratio: inf.
2023-09-21 22:15:58,628:INFO:Removed temporary analysis text file.
2023-09-21 22:15:58,629:INFO:Removed temporary pcap file.
2023-09-21 22:49:20,901:INFO:Captured 50 packets on interface en0.
2023-09-21 22:49:21,098:INFO:Packet analysis complete.
2023-09-21 22:49:21,098:INFO:Skipping empty line
2023-09-21 22:49:21,098:INFO:Skipping empty line
2023-09-21 22:49:21,098:INFO:Skipping empty line
2023-09-21 22:49:21,098:INFO:Skipping empty line
2023-09-21 22:49:21,098:INFO:Skipping empty line
2023-09-21 22:49:21,098:INFO:Skipping empty line
2023-09-21 22:49:21,098:INFO:Skipping empty line
2023-09-21 22:49:21,098:INFO:Skipping empty line
2023-09-21 22:49:21,098:INFO:Skipping empty line
2023-09-21 22:49:21,098:INFO:Skipping empty line
2023-09-21 22:49:21,098:INFO:Skipping empty line
2023-09-21 22:49:21,098:INFO:Skipping empty line
2023-09-21 22:49:21,098:INFO:Skipping empty line
2023-09-21 22:49:21,098:INFO:Skipping empty line
2023-09-21 22:49:21,098:INFO:Skipping empty line
2023-09-21 22:49:21,098:INFO:Skipping empty line
2023-09-21 22:49:21,098:INFO:Skipping empty line
2023-09-21 22:49:21,098:INFO:Skipping empty line
2023-09-21 22:49:21,098:INFO:Skipping empty line
2023-09-21 22:49:21,098:INFO:Skipping empty line
2023-09-21 22:49:21,098:INFO:Skipping empty line
2023-09-21 22:49:21,098:INFO:Skipping empty line
2023-09-21 22:49:21,098:INFO:Skipping empty line
2023-09-21 22:49:21,098:INFO:Skipping empty line
2023-09-21 22:49:21,098:INFO:Skipping empty line
2023-09-21 22:49:21,098:INFO:Skipping empty line
2023-09-21 22:49:21,098:INFO:Skipping empty line
2023-09-21 22:49:21,098:INFO:Skipping empty line
2023-09-21 22:49:22,489:INFO:Potential DDoS attack detected. SYN/ACK ratio: inf.
2023-09-21 22:49:27,386:INFO:Removed temporary analysis text file.
2023-09-21 22:49:27,387:INFO:Removed temporary pcap file.
2023-09-21 22:50:52,426:INFO:Captured 50 packets on interface en0.
2023-09-21 22:50:52,628:INFO:Packet analysis complete.
2023-09-21 22:50:52,628:INFO:Skipping empty line
2023-09-21 22:50:52,628:INFO:Skipping empty line
2023-09-21 22:50:52,628:INFO:Skipping empty line
2023-09-21 22:50:52,628:INFO:Skipping empty line
2023-09-21 22:50:52,628:INFO:Skipping empty line
2023-09-21 22:50:52,628:INFO:Skipping empty line
2023-09-21 22:50:52,628:INFO:Skipping empty line
2023-09-21 22:50:52,628:INFO:Skipping empty line
2023-09-21 22:50:52,628:INFO:Skipping empty line
2023-09-21 22:50:52,628:INFO:Skipping empty line
2023-09-21 22:50:52,628:INFO:Skipping empty line
2023-09-21 22:50:52,628:INFO:Skipping empty line
2023-09-21 22:50:52,628:INFO:Skipping empty line
2023-09-21 22:50:52,628:INFO:Skipping empty line
2023-09-21 22:50:52,628:INFO:Skipping empty line
2023-09-21 22:50:52,628:INFO:Skipping empty line
2023-09-21 22:50:52,628:INFO:Skipping empty line
2023-09-21 22:50:52,628:INFO:Skipping empty line
2023-09-21 22:50:52,629:INFO:Skipping empty line
2023-09-21 22:50:52,629:INFO:Skipping empty line
2023-09-21 22:50:52,629:INFO:Skipping empty line
2023-09-21 22:50:52,629:INFO:Skipping empty line
2023-09-21 22:50:52,629:INFO:Skipping empty line
2023-09-21 22:50:52,629:INFO:Skipping empty line
2023-09-21 22:50:52,629:INFO:Skipping empty line
2023-09-21 22:50:52,629:INFO:Skipping empty line
2023-09-21 22:50:52,629:INFO:Skipping empty line
2023-09-21 22:50:52,629:INFO:Skipping empty line
2023-09-21 22:50:52,629:INFO:Skipping empty line
2023-09-21 22:50:52,629:INFO:Skipping empty line
2023-09-21 22:50:52,629:INFO:Skipping empty line
2023-09-21 22:50:52,629:INFO:Skipping empty line
2023-09-21 22:50:52,629:INFO:Skipping empty line
2023-09-21 22:50:54,046:INFO:Potential DDoS attack detected. SYN/ACK ratio: inf.
2023-09-21 22:52:14,101:INFO:Removed temporary analysis text file.
2023-09-21 22:52:14,103:INFO:Removed temporary pcap file.
2023-09-21 22:53:19,845:INFO:Captured 50 packets on interface en0.
2023-09-21 22:53:20,047:INFO:Packet analysis complete.
2023-09-21 22:53:20,047:INFO:Skipping empty line
2023-09-21 22:53:20,047:INFO:Skipping empty line
2023-09-21 22:53:20,047:INFO:Skipping empty line
2023-09-21 22:53:20,047:INFO:Skipping empty line
2023-09-21 22:53:20,047:INFO:Skipping empty line
2023-09-21 22:53:20,047:INFO:Skipping empty line
2023-09-21 22:53:20,047:INFO:Skipping empty line
2023-09-21 22:53:20,047:INFO:Skipping empty line
2023-09-21 22:53:20,047:INFO:Skipping empty line
2023-09-21 22:53:20,047:INFO:Skipping empty line
2023-09-21 22:53:20,047:INFO:Skipping empty line
2023-09-21 22:53:20,047:INFO:Skipping empty line
2023-09-21 22:53:20,047:INFO:Skipping empty line
2023-09-21 22:53:20,047:INFO:Skipping empty line
2023-09-21 22:53:20,047:INFO:Skipping empty line
2023-09-21 22:53:20,047:INFO:Skipping empty line
2023-09-21 22:53:20,047:INFO:Skipping empty line
2023-09-21 22:53:20,047:INFO:Skipping empty line
2023-09-21 22:53:20,047:INFO:Skipping empty line
2023-09-21 22:53:20,047:INFO:Skipping empty line
2023-09-21 22:53:20,047:INFO:Skipping empty line
2023-09-21 22:53:20,047:INFO:Skipping empty line
2023-09-21 22:53:20,047:INFO:Skipping empty line
2023-09-21 22:53:20,047:INFO:Skipping empty line
2023-09-21 22:53:20,047:INFO:Skipping empty line
2023-09-21 22:53:20,047:INFO:Skipping empty line
2023-09-21 22:53:20,047:INFO:Skipping empty line
2023-09-21 22:53:20,047:INFO:Skipping empty line
2023-09-21 22:53:20,047:INFO:Skipping empty line
2023-09-21 22:53:20,047:INFO:Skipping empty line
2023-09-21 22:53:20,047:INFO:Skipping empty line
2023-09-21 22:53:20,047:INFO:Skipping empty line
2023-09-21 22:53:20,047:INFO:Skipping empty line
2023-09-21 22:53:20,047:INFO:Skipping empty line
2023-09-21 22:53:20,047:INFO:Skipping empty line
2023-09-21 22:53:20,047:INFO:Skipping empty line
2023-09-21 22:53:20,047:INFO:Skipping empty line
2023-09-21 22:53:20,047:INFO:Skipping empty line
2023-09-21 22:53:21,531:INFO:Potential DDoS attack detected. SYN/ACK ratio: inf.
2023-09-21 22:53:25,507:INFO:Removed temporary analysis text file.
2023-09-21 22:53:25,507:INFO:Removed temporary pcap file.
2023-09-21 23:02:47,316:INFO:Captured 50 packets on interface en0.
2023-09-21 23:02:47,513:INFO:Packet analysis complete.
2023-09-21 23:02:47,513:INFO:Skipping empty line
2023-09-21 23:02:47,513:INFO:Skipping empty line
2023-09-21 23:02:47,513:INFO:Skipping empty line
2023-09-21 23:02:47,513:INFO:Skipping empty line
2023-09-21 23:02:47,513:INFO:Skipping empty line
2023-09-21 23:02:47,513:INFO:Skipping empty line
2023-09-21 23:02:47,514:INFO:Skipping empty line
2023-09-21 23:02:47,514:INFO:Skipping empty line
2023-09-21 23:02:47,514:INFO:Skipping empty line
2023-09-21 23:02:47,514:INFO:Skipping empty line
2023-09-21 23:02:47,514:INFO:Skipping empty line
2023-09-21 23:02:47,514:INFO:Skipping empty line
2023-09-21 23:02:47,514:INFO:Skipping empty line
2023-09-21 23:02:47,514:INFO:Skipping empty line
2023-09-21 23:02:47,514:INFO:Skipping empty line
2023-09-21 23:02:47,514:INFO:Skipping empty line
2023-09-21 23:02:47,514:INFO:Skipping empty line
2023-09-21 23:02:47,514:INFO:Skipping empty line
2023-09-21 23:02:47,514:INFO:Skipping empty line
2023-09-21 23:02:47,514:INFO:Skipping empty line
2023-09-21 23:02:47,514:INFO:Skipping empty line
2023-09-21 23:02:47,514:INFO:Skipping empty line
2023-09-21 23:02:47,514:INFO:Skipping empty line
2023-09-21 23:02:47,514:INFO:Skipping empty line
2023-09-21 23:02:47,514:INFO:Skipping empty line
2023-09-21 23:02:47,514:INFO:Skipping empty line
2023-09-21 23:02:47,514:INFO:Skipping empty line
2023-09-21 23:02:47,514:INFO:Skipping empty line
2023-09-21 23:02:47,514:INFO:Skipping empty line
2023-09-21 23:02:47,514:INFO:Skipping empty line
2023-09-21 23:02:47,514:INFO:Skipping empty line
2023-09-21 23:02:47,514:INFO:Skipping empty line
2023-09-21 23:02:47,514:INFO:Skipping empty line
2023-09-21 23:02:47,514:INFO:Skipping empty line
2023-09-21 23:02:47,514:INFO:Skipping empty line
2023-09-21 23:02:47,514:INFO:Skipping empty line
2023-09-21 23:02:47,514:INFO:Skipping empty line
2023-09-21 23:02:47,514:INFO:Skipping empty line
2023-09-21 23:02:47,514:INFO:Skipping empty line
2023-09-21 23:02:47,514:INFO:SYN Count: 0, ACK Count: 0
2023-09-21 23:02:48,855:INFO:Potential DDoS attack detected. The SYN/ACK ratio is infinity due to no ACK packets received.
2023-09-21 23:02:53,511:INFO:Removed temporary analysis text file.
2023-09-21 23:02:53,511:INFO:Removed temporary pcap file.
2023-09-21 23:03:47,766:INFO:Captured 50 packets on interface en0.
2023-09-21 23:03:47,969:INFO:Packet analysis complete.
2023-09-21 23:03:47,969:INFO:Skipping empty line
2023-09-21 23:03:47,969:INFO:Skipping empty line
2023-09-21 23:03:47,969:INFO:Skipping empty line
2023-09-21 23:03:47,969:INFO:Skipping empty line
2023-09-21 23:03:47,969:INFO:Skipping empty line
2023-09-21 23:03:47,969:INFO:Skipping empty line
2023-09-21 23:03:47,969:INFO:Skipping empty line
2023-09-21 23:03:47,969:INFO:Skipping empty line
2023-09-21 23:03:47,969:INFO:Skipping empty line
2023-09-21 23:03:47,969:INFO:Skipping empty line
2023-09-21 23:03:47,969:INFO:Skipping empty line
2023-09-21 23:03:47,969:INFO:Skipping empty line
2023-09-21 23:03:47,969:INFO:Skipping empty line
2023-09-21 23:03:47,969:INFO:Skipping empty line
2023-09-21 23:03:47,969:INFO:Skipping empty line
2023-09-21 23:03:47,969:INFO:Skipping empty line
2023-09-21 23:03:47,970:INFO:Skipping empty line
2023-09-21 23:03:47,970:INFO:Skipping empty line
2023-09-21 23:03:47,970:INFO:Skipping empty line
2023-09-21 23:03:47,970:INFO:Skipping empty line
2023-09-21 23:03:47,970:INFO:Skipping empty line
2023-09-21 23:03:47,970:INFO:Skipping empty line
2023-09-21 23:03:47,970:INFO:Skipping empty line
2023-09-21 23:03:47,970:INFO:Skipping empty line
2023-09-21 23:03:47,970:INFO:Skipping empty line
2023-09-21 23:03:47,970:INFO:Skipping empty line
2023-09-21 23:03:47,970:INFO:Skipping empty line
2023-09-21 23:03:47,970:INFO:Skipping empty line
2023-09-21 23:03:47,970:INFO:Skipping empty line
2023-09-21 23:03:47,970:INFO:Skipping empty line
2023-09-21 23:03:47,970:INFO:Skipping empty line
2023-09-21 23:03:49,422:INFO:Suspicious Source IP 192.168.178.30 has been detected 14 times.
2023-09-21 23:03:49,422:INFO:SYN Count: 0, ACK Count: 0
2023-09-21 23:03:50,721:INFO:Potential DDoS attack detected. The SYN/ACK ratio is infinity due to no ACK packets received.
2023-09-21 23:04:01,135:INFO:Removed temporary analysis text file.
2023-09-21 23:04:01,135:INFO:Removed temporary pcap file.
2023-09-21 23:05:53,282:INFO:Captured 50 packets on interface en0.
2023-09-21 23:05:53,492:INFO:Packet analysis complete.
2023-09-21 23:05:53,492:INFO:Skipping empty line
2023-09-21 23:05:53,492:INFO:Skipping empty line
2023-09-21 23:05:53,492:INFO:Skipping empty line
2023-09-21 23:05:53,492:INFO:Skipping empty line
2023-09-21 23:05:53,492:INFO:Skipping empty line
2023-09-21 23:05:53,492:INFO:Skipping empty line
2023-09-21 23:05:53,492:INFO:Skipping empty line
2023-09-21 23:05:53,492:INFO:Skipping empty line
2023-09-21 23:05:53,492:INFO:Skipping empty line
2023-09-21 23:05:53,492:INFO:Skipping empty line
2023-09-21 23:05:53,492:INFO:Skipping empty line
2023-09-21 23:05:53,492:INFO:Skipping empty line
2023-09-21 23:05:53,492:INFO:Skipping empty line
2023-09-21 23:05:53,492:INFO:Skipping empty line
2023-09-21 23:05:53,492:INFO:Skipping empty line
2023-09-21 23:05:53,492:INFO:Skipping empty line
2023-09-21 23:05:53,492:INFO:Skipping empty line
2023-09-21 23:05:53,492:INFO:Skipping empty line
2023-09-21 23:05:53,492:INFO:Skipping empty line
2023-09-21 23:05:53,492:INFO:Skipping empty line
2023-09-21 23:05:53,492:INFO:Skipping empty line
2023-09-21 23:05:53,492:INFO:Skipping empty line
2023-09-21 23:05:53,492:INFO:Skipping empty line
2023-09-21 23:05:53,492:INFO:Skipping empty line
2023-09-21 23:05:53,492:INFO:Skipping empty line
2023-09-21 23:05:53,492:INFO:Skipping empty line
2023-09-21 23:05:53,492:INFO:Skipping empty line
2023-09-21 23:05:53,492:INFO:Skipping empty line
2023-09-21 23:05:53,492:INFO:Skipping empty line
2023-09-21 23:05:53,492:INFO:Skipping empty line
2023-09-21 23:05:53,492:INFO:Skipping empty line
2023-09-21 23:05:53,492:INFO:Skipping empty line
2023-09-21 23:05:53,492:INFO:Skipping empty line
2023-09-21 23:05:53,492:INFO:Skipping empty line
2023-09-21 23:05:53,492:INFO:Skipping empty line
2023-09-21 23:05:53,492:INFO:Skipping empty line
2023-09-21 23:05:53,492:INFO:Skipping empty line
2023-09-21 23:05:53,492:INFO:Skipping empty line
2023-09-21 23:05:53,492:INFO:Skipping empty line
2023-09-21 23:05:56,843:INFO:Suspicious Source IP 192.168.178.32 has been detected 5 times.
2023-09-21 23:05:58,293:INFO:Suspicious Destination IP 239.255.255.250 has been detected 5 times.
2023-09-21 23:05:58,294:INFO:SYN Count: 0, ACK Count: 0
2023-09-21 23:05:59,713:INFO:Potential DDoS attack detected. The SYN/ACK ratio is infinity due to no ACK packets received.
2023-09-21 23:06:02,981:INFO:Removed temporary analysis text file.
2023-09-21 23:06:02,981:INFO:Removed temporary pcap file.
